In file included from ../ext/bson.cc:14:
/root/.node-gyp/6.9.4/include/node/v8.h:345: error: expected unqualified-id before ‘using’
/root/.node-gyp/6.9.4/include/node/v8.h: In constructor ‘v8::MaybeLocal<T>::MaybeLocal()’:
/root/.node-gyp/6.9.4/include/node/v8.h:362: error: ‘nullptr’ was not declared in this scope
/root/.node-gyp/6.9.4/include/node/v8.h: In member function ‘bool v8::MaybeLocal<T>::IsEmpty() const’:
/root/.node-gyp/6.9.4/include/node/v8.h:369: error: ‘nullptr’ was not declared in this scope
/root/.node-gyp/6.9.4/include/node/v8.h: In member function ‘bool v8::MaybeLocal<T>::ToLocal(v8::Local<S>*) const’:
/root/.node-gyp/6.9.4/include/node/v8.h:373: error: ‘nullptr’ was not declared in this scope
/root/.node-gyp/6.9.4/include/node/v8.h: In member function ‘bool v8::WeakCallbackInfo<T>::IsFirstPass() const’:
/root/.node-gyp/6.9.4/include/node/v8.h:441: error: ‘nullptr’ was not declared in this scope
/root/.node-gyp/6.9.4/include/node/v8.h: At global scope:
/root/.node-gyp/6.9.4/include/node/v8.h:481: error: expected unqualified-id before ‘using’
/root/.node-gyp/6.9.4/include/node/v8.h: In constructor ‘v8::Global<T>::Global()’:
/root/.node-gyp/6.9.4/include/node/v8.h:820: error: ‘nullptr’ was not declared in this scope
/root/.node-gyp/6.9.4/include/node/v8.h: In constructor ‘v8::Global<T>::Global(v8::Global<T>&&)’:
/root/.node-gyp/6.9.4/include/node/v8.h:845: error: ‘nullptr’ was not declared in this scope
/root/.node-gyp/6.9.4/include/node/v8.h: In member function ‘v8::Global<T>& v8::Global<T>::operator=(v8::Global<S>&&)’:
/root/.node-gyp/6.9.4/include/node/v8.h:857: error: ‘nullptr’ was not declared in this scope
/root/.node-gyp/6.9.4/include/node/v8.h: At global scope:
/root/.node-gyp/6.9.4/include/node/v8.h:882: error: expected unqualified-id before ‘using’
/root/.node-gyp/6.9.4/include/node/v8.h:1119: error: ‘nullptr’ was not declared in this scope
/root/.node-gyp/6.9.4/include/node/v8.h:1125: error: ‘nullptr’ was not declared in this scope
/root/.node-gyp/6.9.4/include/node/v8.h: In member function ‘v8::MaybeLocal<v8::Object> v8::Function::NewInstance(v8::Local<v8::Context>) const’:
/root/.node-gyp/6.9.4/include/node/v8.h:3277: error: ‘nullptr’ was not declared in this scope
/root/.node-gyp/6.9.4/include/node/v8.h: At global scope:
/root/.node-gyp/6.9.4/include/node/v8.h:4497: error: ‘nullptr’ was not declared in this scope
/root/.node-gyp/6.9.4/include/node/v8.h:4513: error: ‘nullptr’ was not declared in this scope
/root/.node-gyp/6.9.4/include/node/v8.h: In member function ‘v8::Local<T> v8::MaybeLocal<T>::ToLocalChecked()’:
/root/.node-gyp/6.9.4/include/node/v8.h:7537: error: ‘nullptr’ was not declared in this scope
In file included from ../ext/bson.cc:35:
../ext/bson.h: At global scope:
../ext/bson.h:55: error: ‘Handle’ has not been declared
../ext/bson.h:55: error: expected ‘,’ or ‘...’ before ‘<’ token
../ext/bson.h:56: error: ISO C++ forbids declaration of ‘Handle’ with no type
../ext/bson.h:56: error: expected ‘;’ before ‘<’ token
../ext/bson.h:59: error: ISO C++ forbids declaration of ‘Handle’ with no type
../ext/bson.h:59: error: expected ‘;’ before ‘<’ token
../ext/bson.h:60: error: ISO C++ forbids declaration of ‘Handle’ with no type
../ext/bson.h:60: error: expected ‘;’ before ‘<’ token
../ext/bson.h:63: error: ISO C++ forbids declaration of ‘Handle’ with no type
../ext/bson.h:63: error: expected ‘;’ before ‘<’ token
../ext/bson.h:64: error: ISO C++ forbids declaration of ‘Handle’ with no type
../ext/bson.h:64: error: expected ‘;’ before ‘<’ token
../ext/bson.h:70: error: ISO C++ forbids declaration of ‘Handle’ with no type
../ext/bson.h:70: error: expected ‘;’ before ‘<’ token
../ext/bson.h:71: error: ISO C++ forbids declaration of ‘Handle’ with no type
../ext/bson.h:71: error: expected ‘;’ before ‘<’ token
../ext/bson.h:119: error: ISO C++ forbids declaration of ‘Handle’ with no type
../ext/bson.h:119: error: expected ‘,’ or ‘...’ before ‘<’ token
../ext/bson.h:133: error: ISO C++ forbids declaration of ‘Handle’ with no type
../ext/bson.h:133: error: expected ‘,’ or ‘...’ before ‘<’ token
../ext/bson.h:133: error: ‘void CountStream::WriteByte(int)’ cannot be overloaded
../ext/bson.h:132: error: with ‘void CountStream::WriteByte(int)’
../ext/bson.h:134: error: ISO C++ forbids declaration of ‘Handle’ with no type
../ext/bson.h:134: error: expected ‘,’ or ‘...’ before ‘<’ token
../ext/bson.h:136: error: ISO C++ forbids declaration of ‘Handle’ with no type
../ext/bson.h:136: error: expected ‘,’ or ‘...’ before ‘<’ token
../ext/bson.h:136: error: ‘void CountStream::WriteInt32(int)’ cannot be overloaded
../ext/bson.h:135: error: with ‘void CountStream::WriteInt32(int32_t)’
../ext/bson.h:137: error: ISO C++ forbids declaration of ‘Handle’ with no type
../ext/bson.h:137: error: expected ‘,’ or ‘...’ before ‘<’ token
../ext/bson.h:137: error: ‘void CountStream::WriteInt32(int)’ cannot be overloaded
../ext/bson.h:135: error: with ‘void CountStream::WriteInt32(int32_t)’
../ext/bson.h:139: error: ISO C++ forbids declaration of ‘Handle’ with no type
../ext/bson.h:139: error: expected ‘,’ or ‘...’ before ‘<’ token
../ext/bson.h:141: error: ISO C++ forbids declaration of ‘Handle’ with no type
../ext/bson.h:141: error: expected ‘,’ or ‘...’ before ‘<’ token
../ext/bson.h:142: error: ISO C++ forbids declaration of ‘Handle’ with no type
../ext/bson.h:142: error: expected ‘,’ or ‘...’ before ‘<’ token
../ext/bson.h:142: error: ‘void CountStream::WriteDouble(int)’ cannot be overloaded
../ext/bson.h:141: error: with ‘void CountStream::WriteDouble(int)’
../ext/bson.h:145: error: ISO C++ forbids declaration of ‘Handle’ with no type
../ext/bson.h:145: error: expected ‘,’ or ‘...’ before ‘<’ token
In file included from ../ext/bson.cc:35:
../ext/bson.h:169: error: ISO C++ forbids declaration of ‘Handle’ with no type
../ext/bson.h:169: error: expected ‘,’ or ‘...’ before ‘<’ token
../ext/bson.h:169: error: ‘void DataStream::WriteByte(int)’ cannot be overloaded
../ext/bson.h:168: error: with ‘void DataStream::WriteByte(int)’
../ext/bson.h:179: error: ISO C++ forbids declaration of ‘Handle’ with no type
../ext/bson.h:179: error: expected ‘,’ or ‘...’ before ‘<’ token
../ext/bson.h:180: error: ISO C++ forbids declaration of ‘Handle’ with no type
../ext/bson.h:180: error: expected ‘,’ or ‘...’ before ‘<’ token
../ext/bson.h:180: error: ‘void DataStream::WriteInt32(int)’ cannot be overloaded
../ext/bson.h:171: error: with ‘void DataStream::WriteInt32(int32_t)’
../ext/bson.h:181: error: ISO C++ forbids declaration of ‘Handle’ with no type
../ext/bson.h:181: error: expected ‘,’ or ‘...’ before ‘<’ token
../ext/bson.h:181: error: ‘void DataStream::WriteInt32(int)’ cannot be overloaded
../ext/bson.h:171: error: with ‘void DataStream::WriteInt32(int32_t)’
../ext/bson.h:182: error: ISO C++ forbids declaration of ‘Handle’ with no type
../ext/bson.h:182: error: expected ‘,’ or ‘...’ before ‘<’ token
../ext/bson.h:183: error: ISO C++ forbids declaration of ‘Handle’ with no type
../ext/bson.h:183: error: expected ‘,’ or ‘...’ before ‘<’ token
../ext/bson.h:184: error: ISO C++ forbids declaration of ‘Handle’ with no type
../ext/bson.h:184: error: expected ‘,’ or ‘...’ before ‘<’ token
../ext/bson.h:184: error: ‘void DataStream::WriteDouble(int)’ cannot be overloaded
../ext/bson.h:183: error: with ‘void DataStream::WriteDouble(int)’
../ext/bson.h:187: error: ISO C++ forbids declaration of ‘Handle’ with no type
../ext/bson.h:187: error: expected ‘,’ or ‘...’ before ‘<’ token
../ext/bson.h: In member function ‘void DataStream::WriteByte(int)’:
../ext/bson.h:169: error: ‘object’ was not declared in this scope
../ext/bson.h:169: error: ‘key’ was not declared in this scope
../ext/bson.h: In member function ‘void DataStream::WriteBool(int)’:
../ext/bson.h:179: error: ‘value’ was not declared in this scope
../ext/bson.h: In member function ‘void DataStream::WriteInt32(int)’:
../ext/bson.h:180: error: ‘value’ was not declared in this scope
../ext/bson.h: In member function ‘void DataStream::WriteInt32(int)’:
../ext/bson.h:181: error: ‘object’ was not declared in this scope
../ext/bson.h:181: error: ‘key’ was not declared in this scope
../ext/bson.h: In member function ‘void DataStream::WriteInt64(int)’:
../ext/bson.h:182: error: ‘value’ was not declared in this scope
../ext/bson.h: In member function ‘void DataStream::WriteDouble(int)’:
../ext/bson.h:183: error: ‘value’ was not declared in this scope
../ext/bson.h: In member function ‘void DataStream::WriteDouble(int)’:
../ext/bson.h:184: error: ‘object’ was not declared in this scope
../ext/bson.h:184: error: ‘key’ was not declared in this scope
../ext/bson.h: At global scope:
../ext/bson.h:219: error: ISO C++ forbids declaration of ‘Handle’ with no type
../ext/bson.h:219: error: expected ‘,’ or ‘...’ before ‘<’ token
../ext/bson.h:220: error: ISO C++ forbids declaration of ‘Handle’ with no type
../ext/bson.h:220: error: expected ‘,’ or ‘...’ before ‘<’ token
../ext/bson.h:221: error: ISO C++ forbids declaration of ‘Handle’ with no type
../ext/bson.h:221: error: expected ‘,’ or ‘...’ before ‘<’ token
../ext/bson.h:237: error: ISO C++ forbids declaration of ‘Handle’ with no type
../ext/bson.h:237: error: expected ‘;’ before ‘<’ token
../ext/bson.h:262: error: ISO C++ forbids declaration of ‘Handle’ with no type
../ext/bson.h:262: error: expected ‘;’ before ‘<’ token
../ext/bson.h:263: error: ISO C++ forbids declaration of ‘Handle’ with no type
../ext/bson.h:263: error: expected ‘;’ before ‘<’ token
../ext/bson.h:264: error: ISO C++ forbids declaration of ‘Handle’ with no type
../ext/bson.h:264: error: expected ‘;’ before ‘<’ token
../ext/bson.h:265: error: ISO C++ forbids declaration of ‘Handle’ with no type
../ext/bson.h:265: error: expected ‘;’ before ‘<’ token
../ext/bson.cc:42: error: ISO C++ forbids declaration of ‘Handle’ with no type
../ext/bson.cc:42: error: expected ‘,’ or ‘...’ before ‘<’ token
../ext/bson.cc: In member function ‘void DataStream::WriteObjectId(int)’:
../ext/bson.cc:45: error: ‘object’ was not declared in this scope
../ext/bson.cc:45: error: ‘key’ was not declared in this scope
../ext/bson.cc: At global scope:
../ext/bson.cc:91: error: ISO C++ forbids declaration of ‘Handle’ with no type
../ext/bson.cc:91: error: expected ‘,’ or ‘...’ before ‘<’ token
../ext/bson.cc: In member function ‘void BSONSerializer<T>::SerializeDocument(int)’:
../ext/bson.cc:94: error: ‘value’ was not declared in this scope
../ext/bson.cc: At global scope:
../ext/bson.cc:124: error: ISO C++ forbids declaration of ‘Handle’ with no type
../ext/bson.cc:124: error: expected ‘,’ or ‘...’ before ‘<’ token
../ext/bson.cc: In member function ‘void BSONSerializer<T>::SerializeArray(int)’:
../ext/bson.cc:128: error: ‘value’ was not declared in this scope
../ext/bson.cc: At global scope:
../ext/bson.cc:145: error: ISO C++ forbids declaration of ‘Handle’ with no type
../ext/bson.cc:145: error: expected ‘,’ or ‘...’ before ‘<’ token
../ext/bson.cc: In member function ‘void BSONSerializer<T>::SerializeValue(void*, int)’:
../ext/bson.cc:147: error: ‘value’ was not declared in this scope
../ext/bson.cc:185: error: expected initializer before ‘<’ token
../ext/bson.cc:187: error: ‘regExp’ was not declared in this scope
../ext/bson.cc:203: error: no matching function for call to ‘v8::Object::Has(v8::Persistent<v8::String, v8::NonCopyablePersistentTraits<v8::String> >&)’
/root/.node-gyp/6.9.4/include/node/v8.h:2728: note: candidates are: bool v8::Object::Has(v8::Local<v8::Value>)
/root/.node-gyp/6.9.4/include/node/v8.h:2729: note:                 v8::Maybe<bool> v8::Object::Has(v8::Local<v8::Context>, v8::Local<v8::Value>)
/root/.node-gyp/6.9.4/include/node/v8.h:2736: note:                 bool v8::Object::Has(uint32_t)
/root/.node-gyp/6.9.4/include/node/v8.h:2737: note:                 v8::Maybe<bool> v8::Object::Has(v8::Local<v8::Context>, uint32_t)
../ext/bson.cc:206: error: base operand of ‘->’ has non-pointer type ‘v8::Persistent<v8::String, v8::NonCopyablePersistentTraits<v8::String> >’
../ext/bson.cc:212: error: base operand of ‘->’ has non-pointer type ‘v8::Persistent<v8::String, v8::NonCopyablePersistentTraits<v8::String> >’
../ext/bson.cc:218: error: base operand of ‘->’ has non-pointer type ‘v8::Persistent<v8::String, v8::NonCopyablePersistentTraits<v8::String> >’
../ext/bson.cc:223: error: base operand of ‘->’ has non-pointer type ‘v8::Persistent<v8::String, v8::NonCopyablePersistentTraits<v8::String> >’
../ext/bson.cc:227: error: no matching function for call to ‘v8::Object::Get(v8::Persistent<v8::String, v8::NonCopyablePersistentTraits<v8::String> >&)’
/root/.node-gyp/6.9.4/include/node/v8.h:2702: note: candidates are: v8::Local<v8::Value> v8::Object::Get(v8::Local<v8::Value>)
/root/.node-gyp/6.9.4/include/node/v8.h:2703: note:                 v8::MaybeLocal<v8::Value> v8::Object::Get(v8::Local<v8::Context>, v8::Local<v8::Value>)
/root/.node-gyp/6.9.4/include/node/v8.h:2706: note:                 v8::Local<v8::Value> v8::Object::Get(uint32_t)
/root/.node-gyp/6.9.4/include/node/v8.h:2707: note:                 v8::MaybeLocal<v8::Value> v8::Object::Get(v8::Local<v8::Context>, uint32_t)
../ext/bson.cc:228: error: no matching function for call to ‘v8::Object::Get(v8::Persistent<v8::String, v8::NonCopyablePersistentTraits<v8::String> >&)’
/root/.node-gyp/6.9.4/include/node/v8.h:2702: note: candidates are: v8::Local<v8::Value> v8::Object::Get(v8::Local<v8::Value>)
/root/.node-gyp/6.9.4/include/node/v8.h:2703: note:                 v8::MaybeLocal<v8::Value> v8::Object::Get(v8::Local<v8::Context>, v8::Local<v8::Value>)
/root/.node-gyp/6.9.4/include/node/v8.h:2706: note:                 v8::Local<v8::Value> v8::Object::Get(uint32_t)
/root/.node-gyp/6.9.4/include/node/v8.h:2707: note:                 v8::MaybeLocal<v8::Value> v8::Object::Get(v8::Local<v8::Context>, uint32_t)
../ext/bson.cc:233: error: no matching function for call to ‘v8::Object::Get(v8::Persistent<v8::String, v8::NonCopyablePersistentTraits<v8::String> >&)’
/root/.node-gyp/6.9.4/include/node/v8.h:2702: note: candidates are: v8::Local<v8::Value> v8::Object::Get(v8::Local<v8::Value>)
/root/.node-gyp/6.9.4/include/node/v8.h:2703: note:                 v8::MaybeLocal<v8::Value> v8::Object::Get(v8::Local<v8::Context>, v8::Local<v8::Value>)
/root/.node-gyp/6.9.4/include/node/v8.h:2706: note:                 v8::Local<v8::Value> v8::Object::Get(uint32_t)
/root/.node-gyp/6.9.4/include/node/v8.h:2707: note:                 v8::MaybeLocal<v8::Value> v8::Object::Get(v8::Local<v8::Context>, uint32_t)
../ext/bson.cc:239: error: base operand of ‘->’ has non-pointer type ‘v8::Persistent<v8::String, v8::NonCopyablePersistentTraits<v8::String> >’
../ext/bson.cc:244: error: base operand of ‘->’ has non-pointer type ‘v8::Persistent<v8::String, v8::NonCopyablePersistentTraits<v8::String> >’
../ext/bson.cc:247: error: no matching function for call to ‘v8::Object::Get(v8::Persistent<v8::String, v8::NonCopyablePersistentTraits<v8::String> >&)’
/root/.node-gyp/6.9.4/include/node/v8.h:2702: note: candidates are: v8::Local<v8::Value> v8::Object::Get(v8::Local<v8::Value>)
/root/.node-gyp/6.9.4/include/node/v8.h:2703: note:                 v8::MaybeLocal<v8::Value> v8::Object::Get(v8::Local<v8::Context>, v8::Local<v8::Value>)
/root/.node-gyp/6.9.4/include/node/v8.h:2706: note:                 v8::Local<v8::Value> v8::Object::Get(uint32_t)
/root/.node-gyp/6.9.4/include/node/v8.h:2707: note:                 v8::MaybeLocal<v8::Value> v8::Object::Get(v8::Local<v8::Context>, uint32_t)
../ext/bson.cc:249: error: base operand of ‘->’ has non-pointer type ‘v8::Persistent<v8::String, v8::NonCopyablePersistentTraits<v8::String> >’
../ext/bson.cc:251: error: no matching function for call to ‘v8::Object::Get(v8::Persistent<v8::String, v8::NonCopyablePersistentTraits<v8::String> >&)’
/root/.node-gyp/6.9.4/include/node/v8.h:2702: note: candidates are: v8::Local<v8::Value> v8::Object::Get(v8::Local<v8::Value>)
/root/.node-gyp/6.9.4/include/node/v8.h:2703: note:                 v8::MaybeLocal<v8::Value> v8::Object::Get(v8::Local<v8::Context>, v8::Local<v8::Value>)
/root/.node-gyp/6.9.4/include/node/v8.h:2706: note:                 v8::Local<v8::Value> v8::Object::Get(uint32_t)
/root/.node-gyp/6.9.4/include/node/v8.h:2707: note:                 v8::MaybeLocal<v8::Value> v8::Object::Get(v8::Local<v8::Context>, uint32_t)
../ext/bson.cc:252: error: no matching function for call to ‘v8::Object::Get(v8::Persistent<v8::String, v8::NonCopyablePersistentTraits<v8::String> >&)’
/root/.node-gyp/6.9.4/include/node/v8.h:2702: note: candidates are: v8::Local<v8::Value> v8::Object::Get(v8::Local<v8::Value>)
/root/.node-gyp/6.9.4/include/node/v8.h:2703: note:                 v8::MaybeLocal<v8::Value> v8::Object::Get(v8::Local<v8::Context>, v8::Local<v8::Value>)
/root/.node-gyp/6.9.4/include/node/v8.h:2706: note:                 v8::Local<v8::Value> v8::Object::Get(uint32_t)
/root/.node-gyp/6.9.4/include/node/v8.h:2707: note:                 v8::MaybeLocal<v8::Value> v8::Object::Get(v8::Local<v8::Context>, uint32_t)
../ext/bson.cc:275: error: base operand of ‘->’ has non-pointer type ‘v8::Persistent<v8::String, v8::NonCopyablePersistentTraits<v8::String> >’
../ext/bson.cc:283: error: no matching function for call to ‘v8::Object::Get(v8::Persistent<v8::String, v8::NonCopyablePersistentTraits<v8::String> >&)’
/root/.node-gyp/6.9.4/include/node/v8.h:2702: note: candidates are: v8::Local<v8::Value> v8::Object::Get(v8::Local<v8::Value>)
/root/.node-gyp/6.9.4/include/node/v8.h:2703: note:                 v8::MaybeLocal<v8::Value> v8::Object::Get(v8::Local<v8::Context>, v8::Local<v8::Value>)
/root/.node-gyp/6.9.4/include/node/v8.h:2706: note:                 v8::Local<v8::Value> v8::Object::Get(uint32_t)
/root/.node-gyp/6.9.4/include/node/v8.h:2707: note:                 v8::MaybeLocal<v8::Value> v8::Object::Get(v8::Local<v8::Context>, uint32_t)
../ext/bson.cc:287: error: no matching function for call to ‘v8::Object::Get(v8::Persistent<v8::String, v8::NonCopyablePersistentTraits<v8::String> >&)’
/root/.node-gyp/6.9.4/include/node/v8.h:2702: note: candidates are: v8::Local<v8::Value> v8::Object::Get(v8::Local<v8::Value>)
/root/.node-gyp/6.9.4/include/node/v8.h:2703: note:                 v8::MaybeLocal<v8::Value> v8::Object::Get(v8::Local<v8::Context>, v8::Local<v8::Value>)
/root/.node-gyp/6.9.4/include/node/v8.h:2706: note:                 v8::Local<v8::Value> v8::Object::Get(uint32_t)
/root/.node-gyp/6.9.4/include/node/v8.h:2707: note:                 v8::MaybeLocal<v8::Value> v8::Object::Get(v8::Local<v8::Context>, uint32_t)
../ext/bson.cc:289: error: no matching function for call to ‘v8::Object::Get(v8::Persistent<v8::String, v8::NonCopyablePersistentTraits<v8::String> >&)’
/root/.node-gyp/6.9.4/include/node/v8.h:2702: note: candidates are: v8::Local<v8::Value> v8::Object::Get(v8::Local<v8::Value>)
/root/.node-gyp/6.9.4/include/node/v8.h:2703: note:                 v8::MaybeLocal<v8::Value> v8::Object::Get(v8::Local<v8::Context>, v8::Local<v8::Value>)
/root/.node-gyp/6.9.4/include/node/v8.h:2706: note:                 v8::Local<v8::Value> v8::Object::Get(uint32_t)
/root/.node-gyp/6.9.4/include/node/v8.h:2707: note:                 v8::MaybeLocal<v8::Value> v8::Object::Get(v8::Local<v8::Context>, uint32_t)
../ext/bson.cc:300: error: base operand of ‘->’ has non-pointer type ‘v8::Persistent<v8::String, v8::NonCopyablePersistentTraits<v8::String> >’
../ext/bson.cc:304: error: base operand of ‘->’ has non-pointer type ‘v8::Persistent<v8::String, v8::NonCopyablePersistentTraits<v8::String> >’
../ext/bson.cc: In member function ‘v8::Local<v8::String> BSONDeserializer::ReadCString()’:
../ext/bson.cc:361: error: ‘New’ is not a member of ‘v8::String’
../ext/bson.cc: In member function ‘v8::Local<v8::String> BSONDeserializer::ReadString()’:
../ext/bson.cc:396: error: ‘New’ is not a member of ‘v8::String’
../ext/bson.cc: In member function ‘v8::Local<v8::String> BSONDeserializer::ReadObjectId()’:
../ext/bson.cc:406: error: ‘New’ is not a member of ‘v8::String’
../ext/bson.cc: At global scope:
../ext/bson.cc:409: error: expected constructor, destructor, or type conversion before ‘<’ token
../ext/bson.cc:418: error: expected constructor, destructor, or type conversion before ‘<’ token
make: *** [Release/obj.target/bson/ext/bson.o] Error 1
gyp ERR! build error 
gyp ERR! stack Error: `make` failed with exit code: 2
gyp ERR! stack     at ChildProcess.onExit (/usr/local/lib/node_modules/npm/node_modules/node-gyp/lib/build.js:276:23)
gyp ERR! stack     at emitTwo (events.js:106:13)
gyp ERR! stack     at ChildProcess.emit (events.js:191:7)
gyp ERR! stack     at Process.ChildProcess._handle.onexit (internal/child_process.js:215:12)
gyp ERR! System Linux 2.6.32-642.4.2.el6.x86_64
gyp ERR! command "/usr/local/bin/node" "/usr/local/lib/node_modules/npm/node_modules/node-gyp/bin/node-gyp.js" "rebuild"
gyp ERR! cwd /root/NXsearch/node_modules/bson
gyp ERR! node -v v6.9.4
gyp ERR! node-gyp -v v3.4.0
gyp ERR! not ok 
